<beans xmlns="http://www.springframework.org/schema/beans"
	xmlns:xsi="http://www.w3.org/2001/XMLSchema-instance" xmlns:context="http://www.springframework.org/schema/context"
	xmlns:aop="http://www.springframework.org/schema/aop" xmlns:p="http://www.springframework.org/schema/p"
	xsi:schemaLocation="http://www.springframework.org/schema/beans
           http://www.springframework.org/schema/beans/spring-beans-3.0.xsd
           http://www.springframework.org/schema/context
           http://www.springframework.org/schema/context/spring-context-3.0.xsd
           http://www.springframework.org/schema/aop
           http://www.springframework.org/schema/aop/spring-aop-3.0.xsd">

	<bean id="discoverer" class="net.greencoding.thysdrus.circuitbreaker.springaop.CircuitBreakerDiscoverer"/>

	<bean id="testCircuitBreaker" class="net.greencoding.thysdrus.circuitbreaker.springaop.CircuitBreakerDefinition">
		<property name="failureThreshold" value="2"/>
	</bean>
	<bean id="testCircuitBreaker2" class="net.greencoding.thysdrus.circuitbreaker.springaop.CircuitBreakerDefinition">
		<property name="failureThreshold" value="2"/>
	</bean>
	
	<aop:aspectj-autoproxy/>
 	<bean id="aspect" class="net.greencoding.thysdrus.circuitbreaker.springaop.CircuitBreakerAspect"/>
 

	<bean id="fooBean" class="net.greencoding.thysdrus.circuitbreaker.springaop.FooBean"/>
</beans>